[debug] [2022-11-08T02:01:53.734Z] ----------------------------------------------------------------------
[debug] [2022-11-08T02:01:53.737Z] Command:       C:\Program Files\nodejs\node.exe C:\Users\Jbumb\AppData\Roaming\npm\node_modules\firebase-tools\lib\bin\firebase.js init
[debug] [2022-11-08T02:01:53.738Z] CLI Version:   8.12.1
[debug] [2022-11-08T02:01:53.738Z] Platform:      win32
[debug] [2022-11-08T02:01:53.738Z] Node Version:  v16.16.0
[debug] [2022-11-08T02:01:53.740Z] Time:          Mon Nov 07 2022 20:01:53 GMT-0600 (Central Standard Time)
[debug] [2022-11-08T02:01:53.740Z] ----------------------------------------------------------------------
[debug] [2022-11-08T02:01:53.740Z] 
[debug] [2022-11-08T02:01:53.747Z] > command requires scopes: ["email","openid","https://www.googleapis.com/auth/cloudplatformprojects.readonly","https://www.googleapis.com/auth/firebase","https://www.googleapis.com/auth/cloud-platform"]
[debug] [2022-11-08T02:01:53.748Z] > authorizing via signed-in user
[info] 
     ######## #### ########  ######## ########     ###     ######  ########
     ##        ##  ##     ## ##       ##     ##  ##   ##  ##       ##
     ######    ##  ########  ######   ########  #########  ######  ######
     ##        ##  ##    ##  ##       ##     ## ##     ##       ## ##
     ##       #### ##     ## ######## ########  ##     ##  ######  ########

You're about to initialize a Firebase project in this directory:

  C:\Users\Jbumb\OneDrive\Desktop\Class Exercises\In-Class-Project\BookIt

Before we get started, keep in mind:

  * You are initializing in an existing Firebase project directory

[info] 
=== Project Setup
[info] 
[info] First, let's associate this project directory with a Firebase project.
[info] You can create multiple project aliases by running firebase use --add, 
[info] but for now we'll just set up a default project.
[info] 
[info] i  .firebaserc already has a default project, using bookit-app-ebd3d. 
[debug] [2022-11-08T02:02:27.720Z] >>> HTTP REQUEST GET https://firebase.googleapis.com/v1beta1/projects/bookit-app-ebd3d  
 
[debug] [2022-11-08T02:02:28.048Z] <<< HTTP RESPONSE 200 {"content-type":"application/json; charset=UTF-8","vary":"X-Origin, Referer, Origin,Accept-Encoding","date":"Tue, 08 Nov 2022 02:02:28 GMT","server":"ESF","cache-control":"private","x-xss-protection":"0","x-frame-options":"SAMEORIGIN","x-content-type-options":"nosniff","alt-svc":"h3=\":443\"; ma=2592000,h3-29=\":443\"; ma=2592000,h3-Q050=\":443\"; ma=2592000,h3-Q046=\":443\"; ma=2592000,h3-Q043=\":443\"; ma=2592000,quic=\":443\"; ma=2592000; v=\"46,43\"","accept-ranges":"none","transfer-encoding":"chunked"}
[info] 
=== Hosting Setup
[info] 
[info] Your public directory is the folder (relative to your project directory) that
[info] will contain Hosting assets to be uploaded with firebase deploy. If you
[info] have a build process for your assets, use your build's output directory.
[info] 
